<?xml version="1.0" encoding="UTF-8"?>
<testsuite name="AppTest" tests="6" skipped="0" failures="0" errors="0" timestamp="2016-04-27T22:18:57" hostname="epicodus-117.local" time="1.632">
  <properties/>
  <testcase name="taskIsCreatedTest" classname="AppTest" time="1.198"/>
  <testcase name="taskNotFoundMessageShown" classname="AppTest" time="0.013"/>
  <testcase name="rootTest" classname="AppTest" time="0.007"/>
  <testcase name="taskIsDisplayedTest" classname="AppTest" time="0.114"/>
  <testcase name="taskShowPageDisplaysDescription" classname="AppTest" time="0.165"/>
  <testcase name="multipleTasksAreDisplayedTest" classname="AppTest" time="0.114"/>
  <system-out><![CDATA[]]></system-out>
  <system-err><![CDATA[[Thread-4] INFO org.eclipse.jetty.util.log - Logging initialized @567ms
[Thread-4] INFO spark.webserver.JettySparkServer - == Spark has ignited ...
[Thread-4] INFO spark.webserver.JettySparkServer - >> Listening on 0.0.0.0:4567
[Thread-4] INFO org.eclipse.jetty.server.Server - jetty-9.3.2.v20150730
[Thread-4] INFO org.eclipse.jetty.server.ServerConnector - Started ServerConnector@715ae655{HTTP/1.1,[http/1.1]}{0.0.0.0:4567}
[Thread-4] INFO org.eclipse.jetty.server.Server - Started @652ms
Apr 27, 2016 3:18:58 PM com.gargoylesoftware.htmlunit.DefaultCssErrorHandler error
WARNING: CSS error: 'http://localhost:4567/skeleton.css' [45:8] Error in media list. (Invalid token "(". Was expecting one of: <S>, <IDENT>.)
Apr 27, 2016 3:18:58 PM com.gargoylesoftware.htmlunit.DefaultCssErrorHandler error
WARNING: CSS error: 'http://localhost:4567/skeleton.css' [52:8] Error in media list. (Invalid token "(". Was expecting one of: <S>, <IDENT>.)
Apr 27, 2016 3:18:58 PM com.gargoylesoftware.htmlunit.DefaultCssErrorHandler error
WARNING: CSS error: 'http://localhost:4567/skeleton.css' [145:8] Error in media list. (Invalid token "(". Was expecting one of: <S>, <IDENT>.)
Apr 27, 2016 3:18:58 PM com.gargoylesoftware.htmlunit.DefaultCssErrorHandler error
WARNING: CSS error: 'http://localhost:4567/skeleton.css' [406:8] Error in media list. (Invalid token "(". Was expecting one of: <S>, <IDENT>.)
Apr 27, 2016 3:18:58 PM com.gargoylesoftware.htmlunit.DefaultCssErrorHandler error
WARNING: CSS error: 'http://localhost:4567/skeleton.css' [409:8] Error in media list. (Invalid token "(". Was expecting one of: <S>, <IDENT>.)
Apr 27, 2016 3:18:58 PM com.gargoylesoftware.htmlunit.DefaultCssErrorHandler error
WARNING: CSS error: 'http://localhost:4567/skeleton.css' [412:8] Error in media list. (Invalid token "(". Was expecting one of: <S>, <IDENT>.)
Apr 27, 2016 3:18:58 PM com.gargoylesoftware.htmlunit.DefaultCssErrorHandler error
WARNING: CSS error: 'http://localhost:4567/skeleton.css' [415:8] Error in media list. (Invalid token "(". Was expecting one of: <S>, <IDENT>.)
Apr 27, 2016 3:18:58 PM com.gargoylesoftware.htmlunit.DefaultCssErrorHandler error
WARNING: CSS error: 'http://localhost:4567/skeleton.css' [418:8] Error in media list. (Invalid token "(". Was expecting one of: <S>, <IDENT>.)
Apr 27, 2016 3:18:59 PM com.gargoylesoftware.htmlunit.DefaultCssErrorHandler error
WARNING: CSS error: 'http://localhost:4567/skeleton.css' [45:8] Error in media list. (Invalid token "(". Was expecting one of: <S>, <IDENT>.)
Apr 27, 2016 3:18:59 PM com.gargoylesoftware.htmlunit.DefaultCssErrorHandler error
WARNING: CSS error: 'http://localhost:4567/skeleton.css' [52:8] Error in media list. (Invalid token "(". Was expecting one of: <S>, <IDENT>.)
Apr 27, 2016 3:18:59 PM com.gargoylesoftware.htmlunit.DefaultCssErrorHandler error
WARNING: CSS error: 'http://localhost:4567/skeleton.css' [145:8] Error in media list. (Invalid token "(". Was expecting one of: <S>, <IDENT>.)
Apr 27, 2016 3:18:59 PM com.gargoylesoftware.htmlunit.DefaultCssErrorHandler error
WARNING: CSS error: 'http://localhost:4567/skeleton.css' [406:8] Error in media list. (Invalid token "(". Was expecting one of: <S>, <IDENT>.)
Apr 27, 2016 3:18:59 PM com.gargoylesoftware.htmlunit.DefaultCssErrorHandler error
WARNING: CSS error: 'http://localhost:4567/skeleton.css' [409:8] Error in media list. (Invalid token "(". Was expecting one of: <S>, <IDENT>.)
Apr 27, 2016 3:18:59 PM com.gargoylesoftware.htmlunit.DefaultCssErrorHandler error
WARNING: CSS error: 'http://localhost:4567/skeleton.css' [412:8] Error in media list. (Invalid token "(". Was expecting one of: <S>, <IDENT>.)
Apr 27, 2016 3:18:59 PM com.gargoylesoftware.htmlunit.DefaultCssErrorHandler error
WARNING: CSS error: 'http://localhost:4567/skeleton.css' [415:8] Error in media list. (Invalid token "(". Was expecting one of: <S>, <IDENT>.)
Apr 27, 2016 3:18:59 PM com.gargoylesoftware.htmlunit.DefaultCssErrorHandler error
WARNING: CSS error: 'http://localhost:4567/skeleton.css' [418:8] Error in media list. (Invalid token "(". Was expecting one of: <S>, <IDENT>.)
Apr 27, 2016 3:18:59 PM com.gargoylesoftware.htmlunit.DefaultCssErrorHandler error
WARNING: CSS error: 'http://localhost:4567/skeleton.css' [45:8] Error in media list. (Invalid token "(". Was expecting one of: <S>, <IDENT>.)
Apr 27, 2016 3:18:59 PM com.gargoylesoftware.htmlunit.DefaultCssErrorHandler error
WARNING: CSS error: 'http://localhost:4567/skeleton.css' [52:8] Error in media list. (Invalid token "(". Was expecting one of: <S>, <IDENT>.)
Apr 27, 2016 3:18:59 PM com.gargoylesoftware.htmlunit.DefaultCssErrorHandler error
WARNING: CSS error: 'http://localhost:4567/skeleton.css' [145:8] Error in media list. (Invalid token "(". Was expecting one of: <S>, <IDENT>.)
Apr 27, 2016 3:18:59 PM com.gargoylesoftware.htmlunit.DefaultCssErrorHandler error
WARNING: CSS error: 'http://localhost:4567/skeleton.css' [406:8] Error in media list. (Invalid token "(". Was expecting one of: <S>, <IDENT>.)
Apr 27, 2016 3:18:59 PM com.gargoylesoftware.htmlunit.DefaultCssErrorHandler error
WARNING: CSS error: 'http://localhost:4567/skeleton.css' [409:8] Error in media list. (Invalid token "(". Was expecting one of: <S>, <IDENT>.)
Apr 27, 2016 3:18:59 PM com.gargoylesoftware.htmlunit.DefaultCssErrorHandler error
WARNING: CSS error: 'http://localhost:4567/skeleton.css' [412:8] Error in media list. (Invalid token "(". Was expecting one of: <S>, <IDENT>.)
Apr 27, 2016 3:18:59 PM com.gargoylesoftware.htmlunit.DefaultCssErrorHandler error
WARNING: CSS error: 'http://localhost:4567/skeleton.css' [415:8] Error in media list. (Invalid token "(". Was expecting one of: <S>, <IDENT>.)
Apr 27, 2016 3:18:59 PM com.gargoylesoftware.htmlunit.DefaultCssErrorHandler error
WARNING: CSS error: 'http://localhost:4567/skeleton.css' [418:8] Error in media list. (Invalid token "(". Was expecting one of: <S>, <IDENT>.)
Apr 27, 2016 3:18:59 PM com.gargoylesoftware.htmlunit.DefaultCssErrorHandler error
WARNING: CSS error: 'http://localhost:4567/skeleton.css' [45:8] Error in media list. (Invalid token "(". Was expecting one of: <S>, <IDENT>.)
Apr 27, 2016 3:18:59 PM com.gargoylesoftware.htmlunit.DefaultCssErrorHandler error
WARNING: CSS error: 'http://localhost:4567/skeleton.css' [52:8] Error in media list. (Invalid token "(". Was expecting one of: <S>, <IDENT>.)
Apr 27, 2016 3:18:59 PM com.gargoylesoftware.htmlunit.DefaultCssErrorHandler error
WARNING: CSS error: 'http://localhost:4567/skeleton.css' [145:8] Error in media list. (Invalid token "(". Was expecting one of: <S>, <IDENT>.)
Apr 27, 2016 3:18:59 PM com.gargoylesoftware.htmlunit.DefaultCssErrorHandler error
WARNING: CSS error: 'http://localhost:4567/skeleton.css' [406:8] Error in media list. (Invalid token "(". Was expecting one of: <S>, <IDENT>.)
Apr 27, 2016 3:18:59 PM com.gargoylesoftware.htmlunit.DefaultCssErrorHandler error
WARNING: CSS error: 'http://localhost:4567/skeleton.css' [409:8] Error in media list. (Invalid token "(". Was expecting one of: <S>, <IDENT>.)
Apr 27, 2016 3:18:59 PM com.gargoylesoftware.htmlunit.DefaultCssErrorHandler error
WARNING: CSS error: 'http://localhost:4567/skeleton.css' [412:8] Error in media list. (Invalid token "(". Was expecting one of: <S>, <IDENT>.)
Apr 27, 2016 3:18:59 PM com.gargoylesoftware.htmlunit.DefaultCssErrorHandler error
WARNING: CSS error: 'http://localhost:4567/skeleton.css' [415:8] Error in media list. (Invalid token "(". Was expecting one of: <S>, <IDENT>.)
Apr 27, 2016 3:18:59 PM com.gargoylesoftware.htmlunit.DefaultCssErrorHandler error
WARNING: CSS error: 'http://localhost:4567/skeleton.css' [418:8] Error in media list. (Invalid token "(". Was expecting one of: <S>, <IDENT>.)
Apr 27, 2016 3:18:59 PM com.gargoylesoftware.htmlunit.DefaultCssErrorHandler error
WARNING: CSS error: 'http://localhost:4567/skeleton.css' [45:8] Error in media list. (Invalid token "(". Was expecting one of: <S>, <IDENT>.)
Apr 27, 2016 3:18:59 PM com.gargoylesoftware.htmlunit.DefaultCssErrorHandler error
WARNING: CSS error: 'http://localhost:4567/skeleton.css' [52:8] Error in media list. (Invalid token "(". Was expecting one of: <S>, <IDENT>.)
Apr 27, 2016 3:18:59 PM com.gargoylesoftware.htmlunit.DefaultCssErrorHandler error
WARNING: CSS error: 'http://localhost:4567/skeleton.css' [145:8] Error in media list. (Invalid token "(". Was expecting one of: <S>, <IDENT>.)
Apr 27, 2016 3:18:59 PM com.gargoylesoftware.htmlunit.DefaultCssErrorHandler error
WARNING: CSS error: 'http://localhost:4567/skeleton.css' [406:8] Error in media list. (Invalid token "(". Was expecting one of: <S>, <IDENT>.)
Apr 27, 2016 3:18:59 PM com.gargoylesoftware.htmlunit.DefaultCssErrorHandler error
WARNING: CSS error: 'http://localhost:4567/skeleton.css' [409:8] Error in media list. (Invalid token "(". Was expecting one of: <S>, <IDENT>.)
Apr 27, 2016 3:18:59 PM com.gargoylesoftware.htmlunit.DefaultCssErrorHandler error
WARNING: CSS error: 'http://localhost:4567/skeleton.css' [412:8] Error in media list. (Invalid token "(". Was expecting one of: <S>, <IDENT>.)
Apr 27, 2016 3:18:59 PM com.gargoylesoftware.htmlunit.DefaultCssErrorHandler error
WARNING: CSS error: 'http://localhost:4567/skeleton.css' [415:8] Error in media list. (Invalid token "(". Was expecting one of: <S>, <IDENT>.)
Apr 27, 2016 3:18:59 PM com.gargoylesoftware.htmlunit.DefaultCssErrorHandler error
WARNING: CSS error: 'http://localhost:4567/skeleton.css' [418:8] Error in media list. (Invalid token "(". Was expecting one of: <S>, <IDENT>.)
[Test worker] INFO spark.webserver.JettySparkServer - >>> Spark shutting down ...
[Test worker] INFO org.eclipse.jetty.server.ServerConnector - Stopped ServerConnector@715ae655{HTTP/1.1,[http/1.1]}{0.0.0.0:4567}
[Test worker] INFO spark.webserver.JettySparkServer - done
]]></system-err>
</testsuite>
